build/app/intermediates/manifest_merge_blame_file/debug/manifest-merger-blame-debug-report.txt
1<?xml version="1.0" encoding="utf-8"?>
2<manifest xmlns:android="http://schemas.android.com/apk/res/android"
3    package="com.trash2money.reciclasecoletor"
4    android:versionCode="1"
5    android:versionName="1.0.0" >
6
7    <uses-sdk
8        android:minSdkVersion="16"
9        android:targetSdkVersion="29" />
10    <!--
11         Flutter needs it to communicate with the running application
12         to allow setting breakpoints, to provide hot reload, etc.
13    -->
14    <uses-permission android:name="android.permission.INTERNET" />
14-->src/debug/AndroidManifest.xml:6:5-66
14-->src/debug/AndroidManifest.xml:6:22-64
15    <uses-permission android:name="android.permission.READ_EXTERNAL_STORAGE" />
15-->[:image_picker] AndroidManifest.xml:7:5-80
15-->[:image_picker] AndroidManifest.xml:7:22-77
16    <uses-permission android:name="android.permission.WRITE_EXTERNAL_STORAGE" />
16-->[:image_picker] AndroidManifest.xml:8:5-81
16-->[:image_picker] AndroidManifest.xml:8:22-78
17    <uses-permission android:name="android.permission.ACCESS_FINE_LOCATION" />
17-->[:geolocator] AndroidManifest.xml:7:5-79
17-->[:geolocator] AndroidManifest.xml:7:22-76
18    <uses-permission android:name="android.permission.ACCESS_NETWORK_STATE" />
18-->[:firebase_analytics] AndroidManifest.xml:7:5-79
18-->[:firebase_analytics] AndroidManifest.xml:7:22-76
19    <uses-permission android:name="android.permission.WAKE_LOCK" />
19-->[:firebase_analytics] AndroidManifest.xml:9:5-68
19-->[:firebase_analytics] AndroidManifest.xml:9:22-65
20
21    <uses-feature
21-->[com.google.android.gms:play-services-maps:17.0.0] AndroidManifest.xml:26:5-28:35
22        android:glEsVersion="0x00020000"
22-->[com.google.android.gms:play-services-maps:17.0.0] AndroidManifest.xml:27:9-41
23        android:required="true" /> <!-- Required by older versions of Google Play services to create IID tokens -->
23-->[com.google.android.gms:play-services-maps:17.0.0] AndroidManifest.xml:28:9-32
24    <uses-permission android:name="com.google.android.c2dm.permission.RECEIVE" />
24-->[com.google.firebase:firebase-iid:20.3.0] AndroidManifest.xml:26:5-82
24-->[com.google.firebase:firebase-iid:20.3.0] AndroidManifest.xml:26:22-79
25    <uses-permission android:name="com.google.android.finsky.permission.BIND_GET_INSTALL_REFERRER_SERVICE" />
25-->[com.google.android.gms:play-services-measurement:17.6.0] AndroidManifest.xml:26:5-110
25-->[com.google.android.gms:play-services-measurement:17.6.0] AndroidManifest.xml:26:22-107
26    <!--
27 io.flutter.app.FlutterApplication is an android.app.Application that
28         calls FlutterMain.startInitialization(this); in its onCreate method.
29         In most cases you can leave this as-is, but you if you want to provide
30         additional functionality it is fine to subclass or reimplement
31         FlutterApplication and put your custom class here.
32    -->
33    <application
33-->src/main/AndroidManifest.xml:8:5-48:19
34        android:name="io.flutter.app.FlutterApplication"
34-->src/main/AndroidManifest.xml:9:9-57
35        android:appComponentFactory="androidx.core.app.CoreComponentFactory"
35-->[androidx.core:core:1.3.1] AndroidManifest.xml:24:18-86
36        android:debuggable="true"
37        android:icon="@mipmap/ic_launcher"
37-->src/main/AndroidManifest.xml:11:9-43
38        android:label="reciclase_coletor" >
38-->src/main/AndroidManifest.xml:10:9-42
39        <activity
39-->src/main/AndroidManifest.xml:12:9-40:20
40            android:name="com.trash2money.reciclasecoletor.MainActivity"
40-->src/main/AndroidManifest.xml:13:13-41
41            android:configChanges="orientation|keyboardHidden|keyboard|screenSize|smallestScreenSize|locale|layoutDirection|fontScale|screenLayout|density|uiMode"
41-->src/main/AndroidManifest.xml:16:13-163
42            android:hardwareAccelerated="true"
42-->src/main/AndroidManifest.xml:17:13-47
43            android:launchMode="singleTop"
43-->src/main/AndroidManifest.xml:14:13-43
44            android:theme="@style/LaunchTheme"
44-->src/main/AndroidManifest.xml:15:13-47
45            android:windowSoftInputMode="adjustResize" >
45-->src/main/AndroidManifest.xml:18:13-55
46
47            <!--
48                 Specifies an Android theme to apply to this Activity as soon as
49                 the Android process has started. This theme is visible to the user
50                 while the Flutter UI initializes. After that, this theme continues
51                 to determine the Window background behind the Flutter UI.
52            -->
53            <meta-data
53-->src/main/AndroidManifest.xml:23:13-26:17
54                android:name="io.flutter.embedding.android.NormalTheme"
54-->src/main/AndroidManifest.xml:24:15-70
55                android:resource="@style/NormalTheme" />
55-->src/main/AndroidManifest.xml:25:15-52
56            <!--
57                 Displays an Android View that continues showing the launch screen
58                 Drawable until Flutter paints its first frame, then this splash
59                 screen fades out. A splash screen is useful to avoid any visual
60                 gap between the end of Android's launch screen and the painting of
61                 Flutter's first frame.
62            -->
63            <meta-data
63-->src/main/AndroidManifest.xml:32:13-35:17
64                android:name="io.flutter.embedding.android.SplashScreenDrawable"
64-->src/main/AndroidManifest.xml:33:15-79
65                android:resource="@drawable/launch_background" />
65-->src/main/AndroidManifest.xml:34:15-61
66
67            <intent-filter>
67-->src/main/AndroidManifest.xml:36:13-39:29
68                <action android:name="android.intent.action.MAIN" />
68-->src/main/AndroidManifest.xml:37:17-68
68-->src/main/AndroidManifest.xml:37:25-66
69
70                <category android:name="android.intent.category.LAUNCHER" />
70-->src/main/AndroidManifest.xml:38:17-76
70-->src/main/AndroidManifest.xml:38:27-74
71            </intent-filter>
72        </activity>
73        <!--
74             Don't delete the meta-data below.
75             This is used by the Flutter tool to generate GeneratedPluginRegistrant.java
76        -->
77        <meta-data
77-->src/main/AndroidManifest.xml:43:9-45:33
78            android:name="flutterEmbedding"
78-->src/main/AndroidManifest.xml:44:13-44
79            android:value="2" />
79-->src/main/AndroidManifest.xml:45:13-30
80        <meta-data
80-->src/main/AndroidManifest.xml:46:9-47:73
81            android:name="com.google.android.geo.API_KEY"
81-->src/main/AndroidManifest.xml:46:20-65
82            android:value="AIzaSyALz7_FTU5c2Vu87huK0wX40aLzTR9Ybew" />
82-->src/main/AndroidManifest.xml:47:16-71
83
84        <provider
84-->[:image_picker] AndroidManifest.xml:11:9-19:20
85            android:name="io.flutter.plugins.imagepicker.ImagePickerFileProvider"
85-->[:image_picker] AndroidManifest.xml:12:13-82
86            android:authorities="com.trash2money.reciclasecoletor.flutter.image_provider"
86-->[:image_picker] AndroidManifest.xml:13:13-74
87            android:exported="false"
87-->[:image_picker] AndroidManifest.xml:14:13-37
88            android:grantUriPermissions="true" >
88-->[:image_picker] AndroidManifest.xml:15:13-47
89            <meta-data
89-->[:image_picker] AndroidManifest.xml:16:13-18:75
90                android:name="android.support.FILE_PROVIDER_PATHS"
90-->[:image_picker] AndroidManifest.xml:17:17-67
91                android:resource="@xml/flutter_image_picker_file_paths" />
91-->[:image_picker] AndroidManifest.xml:18:17-72
92        </provider>
93
94        <service
94-->[:cloud_firestore] AndroidManifest.xml:8:9-12:19
95            android:name="com.google.firebase.components.ComponentDiscoveryService"
95-->[:cloud_firestore] AndroidManifest.xml:8:18-89
96            android:directBootAware="true"
96-->[com.google.firebase:firebase-common:19.3.1] AndroidManifest.xml:35:13-43
97            android:exported="false" >
97-->[com.google.firebase:firebase-auth:19.4.0] AndroidManifest.xml:35:13-37
98            <meta-data
98-->[:cloud_firestore] AndroidManifest.xml:9:13-11:85
99                android:name="com.google.firebase.components:io.flutter.plugins.firebase.firestore.FlutterFirebaseFirestoreRegistrar"
99-->[:cloud_firestore] AndroidManifest.xml:10:17-134
100                android:value="com.google.firebase.components.ComponentRegistrar" />
100-->[:cloud_firestore] AndroidManifest.xml:11:17-82
101            <meta-data
101-->[:firebase_auth] AndroidManifest.xml:9:13-11:85
102                android:name="com.google.firebase.components:io.flutter.plugins.firebase.auth.FlutterFirebaseAuthRegistrar"
102-->[:firebase_auth] AndroidManifest.xml:10:17-124
103                android:value="com.google.firebase.components.ComponentRegistrar" />
103-->[:firebase_auth] AndroidManifest.xml:11:17-82
104            <meta-data
104-->[:firebase_storage] AndroidManifest.xml:9:13-11:85
105                android:name="com.google.firebase.components:io.flutter.plugins.firebase.storage.FlutterFirebaseAppRegistrar"
105-->[:firebase_storage] AndroidManifest.xml:10:17-126
106                android:value="com.google.firebase.components.ComponentRegistrar" />
106-->[:firebase_storage] AndroidManifest.xml:11:17-82
107            <meta-data
107-->[:firebase_crashlytics] AndroidManifest.xml:9:13-11:85
108                android:name="com.google.firebase.components:io.flutter.plugins.firebase.crashlytics.FlutterFirebaseAppRegistrar"
108-->[:firebase_crashlytics] AndroidManifest.xml:10:17-130
109                android:value="com.google.firebase.components.ComponentRegistrar" />
109-->[:firebase_crashlytics] AndroidManifest.xml:11:17-82
110            <meta-data
110-->[:firebase_messaging] AndroidManifest.xml:14:13-16:85
111                android:name="com.google.firebase.components:io.flutter.plugins.firebasemessaging.FlutterFirebaseAppRegistrar"
111-->[:firebase_messaging] AndroidManifest.xml:15:17-127
112                android:value="com.google.firebase.components.ComponentRegistrar" />
112-->[:firebase_messaging] AndroidManifest.xml:16:17-82
113            <meta-data
113-->[:firebase_analytics] AndroidManifest.xml:13:13-15:85
114                android:name="com.google.firebase.components:io.flutter.plugins.firebaseanalytics.FlutterFirebaseAppRegistrar"
114-->[:firebase_analytics] AndroidManifest.xml:14:17-127
115                android:value="com.google.firebase.components.ComponentRegistrar" />
115-->[:firebase_analytics] AndroidManifest.xml:15:17-82
116            <meta-data
116-->[:firebase_core] AndroidManifest.xml:9:13-11:85
117                android:name="com.google.firebase.components:io.flutter.plugins.firebase.core.FlutterFirebaseCoreRegistrar"
117-->[:firebase_core] AndroidManifest.xml:10:17-124
118                android:value="com.google.firebase.components.ComponentRegistrar" />
118-->[:firebase_core] AndroidManifest.xml:11:17-82
119            <meta-data
119-->[com.google.firebase:firebase-auth:19.4.0] AndroidManifest.xml:36:13-38:85
120                android:name="com.google.firebase.components:com.google.firebase.auth.FirebaseAuthRegistrar"
120-->[com.google.firebase:firebase-auth:19.4.0] AndroidManifest.xml:37:17-109
121                android:value="com.google.firebase.components.ComponentRegistrar" />
121-->[com.google.firebase:firebase-auth:19.4.0] AndroidManifest.xml:38:17-82
122            <meta-data
122-->[com.google.firebase:firebase-storage:19.2.0] AndroidManifest.xml:33:13-35:85
123                android:name="com.google.firebase.components:com.google.firebase.storage.StorageRegistrar"
123-->[com.google.firebase:firebase-storage:19.2.0] AndroidManifest.xml:34:17-107
124                android:value="com.google.firebase.components.ComponentRegistrar" />
124-->[com.google.firebase:firebase-storage:19.2.0] AndroidManifest.xml:35:17-82
125            <meta-data
125-->[com.google.firebase:firebase-firestore:21.7.1] AndroidManifest.xml:20:13-22:85
126                android:name="com.google.firebase.components:com.google.firebase.firestore.FirestoreRegistrar"
126-->[com.google.firebase:firebase-firestore:21.7.1] AndroidManifest.xml:21:17-111
127                android:value="com.google.firebase.components.ComponentRegistrar" />
127-->[com.google.firebase:firebase-firestore:21.7.1] AndroidManifest.xml:22:17-82
128            <meta-data
128-->[com.google.firebase:firebase-messaging:20.3.0] AndroidManifest.xml:39:13-41:85
129                android:name="com.google.firebase.components:com.google.firebase.messaging.FirebaseMessagingRegistrar"
129-->[com.google.firebase:firebase-messaging:20.3.0] AndroidManifest.xml:40:17-119
130                android:value="com.google.firebase.components.ComponentRegistrar" />
130-->[com.google.firebase:firebase-messaging:20.3.0] AndroidManifest.xml:41:17-82
131            <meta-data
131-->[com.google.firebase:firebase-iid:20.3.0] AndroidManifest.xml:32:13-34:85
132                android:name="com.google.firebase.components:com.google.firebase.iid.Registrar"
132-->[com.google.firebase:firebase-iid:20.3.0] AndroidManifest.xml:33:17-96
133                android:value="com.google.firebase.components.ComponentRegistrar" />
133-->[com.google.firebase:firebase-iid:20.3.0] AndroidManifest.xml:34:17-82
134            <meta-data
134-->[com.google.firebase:firebase-crashlytics:17.2.2] AndroidManifest.xml:16:13-18:85
135                android:name="com.google.firebase.components:com.google.firebase.crashlytics.CrashlyticsRegistrar"
135-->[com.google.firebase:firebase-crashlytics:17.2.2] AndroidManifest.xml:17:17-115
136                android:value="com.google.firebase.components.ComponentRegistrar" />
136-->[com.google.firebase:firebase-crashlytics:17.2.2] AndroidManifest.xml:18:17-82
137            <meta-data
137-->[com.google.android.gms:play-services-measurement-api:17.6.0] AndroidManifest.xml:30:13-32:85
138                android:name="com.google.firebase.components:com.google.firebase.analytics.connector.internal.AnalyticsConnectorRegistrar"
138-->[com.google.android.gms:play-services-measurement-api:17.6.0] AndroidManifest.xml:31:17-139
139                android:value="com.google.firebase.components.ComponentRegistrar" />
139-->[com.google.android.gms:play-services-measurement-api:17.6.0] AndroidManifest.xml:32:17-82
140            <meta-data
140-->[com.google.firebase:firebase-installations:16.3.3] AndroidManifest.xml:17:13-19:85
141                android:name="com.google.firebase.components:com.google.firebase.installations.FirebaseInstallationsRegistrar"
141-->[com.google.firebase:firebase-installations:16.3.3] AndroidManifest.xml:18:17-127
142                android:value="com.google.firebase.components.ComponentRegistrar" />
142-->[com.google.firebase:firebase-installations:16.3.3] AndroidManifest.xml:19:17-82
143            <meta-data
143-->[com.google.firebase:firebase-datatransport:17.0.3] AndroidManifest.xml:28:13-30:85
144                android:name="com.google.firebase.components:com.google.firebase.datatransport.TransportRegistrar"
144-->[com.google.firebase:firebase-datatransport:17.0.3] AndroidManifest.xml:29:17-115
145                android:value="com.google.firebase.components.ComponentRegistrar" />
145-->[com.google.firebase:firebase-datatransport:17.0.3] AndroidManifest.xml:30:17-82
146        </service>
147        <service android:name="io.flutter.plugins.firebasemessaging.FlutterFirebaseMessagingService" >
147-->[:firebase_messaging] AndroidManifest.xml:8:9-12:19
147-->[:firebase_messaging] AndroidManifest.xml:8:18-101
148            <intent-filter>
148-->[:firebase_messaging] AndroidManifest.xml:9:13-11:29
149                <action android:name="com.google.firebase.MESSAGING_EVENT" />
149-->[:firebase_messaging] AndroidManifest.xml:10:17-78
149-->[:firebase_messaging] AndroidManifest.xml:10:25-75
150            </intent-filter>
151        </service>
152
153        <provider
153-->[:share] AndroidManifest.xml:8:9-16:20
154            android:name="io.flutter.plugins.share.ShareFileProvider"
154-->[:share] AndroidManifest.xml:9:13-70
155            android:authorities="com.trash2money.reciclasecoletor.flutter.share_provider"
155-->[:share] AndroidManifest.xml:10:13-74
156            android:exported="false"
156-->[:share] AndroidManifest.xml:11:13-37
157            android:grantUriPermissions="true" >
157-->[:share] AndroidManifest.xml:12:13-47
158            <meta-data
158-->[:image_picker] AndroidManifest.xml:16:13-18:75
159                android:name="android.support.FILE_PROVIDER_PATHS"
159-->[:image_picker] AndroidManifest.xml:17:17-67
160                android:resource="@xml/flutter_share_file_paths" />
160-->[:image_picker] AndroidManifest.xml:18:17-72
161        </provider>
162
163        <activity
163-->[:url_launcher] AndroidManifest.xml:8:9-11:74
164            android:name="io.flutter.plugins.urllauncher.WebViewActivity"
164-->[:url_launcher] AndroidManifest.xml:9:13-74
165            android:exported="false"
165-->[:url_launcher] AndroidManifest.xml:10:13-37
166            android:theme="@android:style/Theme.NoTitleBar.Fullscreen" />
166-->[:url_launcher] AndroidManifest.xml:11:13-71
167        <activity
167-->[com.google.android.gms:play-services-auth:16.0.1] AndroidManifest.xml:23:9-27:75
168            android:name="com.google.android.gms.auth.api.signin.internal.SignInHubActivity"
168-->[com.google.android.gms:play-services-auth:16.0.1] AndroidManifest.xml:24:13-93
169            android:excludeFromRecents="true"
169-->[com.google.android.gms:play-services-auth:16.0.1] AndroidManifest.xml:25:13-46
170            android:exported="false"
170-->[com.google.android.gms:play-services-auth:16.0.1] AndroidManifest.xml:26:13-37
171            android:theme="@android:style/Theme.Translucent.NoTitleBar" />
171-->[com.google.android.gms:play-services-auth:16.0.1] AndroidManifest.xml:27:13-72
172        <!--
173            Service handling Google Sign-In user revocation. For apps that do not integrate with
174            Google Sign-In, this service will never be started.
175        -->
176        <service
176-->[com.google.android.gms:play-services-auth:16.0.1] AndroidManifest.xml:33:9-36:110
177            android:name="com.google.android.gms.auth.api.signin.RevocationBoundService"
177-->[com.google.android.gms:play-services-auth:16.0.1] AndroidManifest.xml:34:13-89
178            android:exported="true"
178-->[com.google.android.gms:play-services-auth:16.0.1] AndroidManifest.xml:35:13-36
179            android:permission="com.google.android.gms.auth.api.signin.permission.REVOCATION_NOTIFICATION" /> <!-- Needs to be explicitly declared on P+ -->
179-->[com.google.android.gms:play-services-auth:16.0.1] AndroidManifest.xml:36:13-107
180        <uses-library
180-->[com.google.android.gms:play-services-maps:17.0.0] AndroidManifest.xml:33:9-35:40
181            android:name="org.apache.http.legacy"
181-->[com.google.android.gms:play-services-maps:17.0.0] AndroidManifest.xml:34:13-50
182            android:required="false" />
182-->[com.google.android.gms:play-services-maps:17.0.0] AndroidManifest.xml:35:13-37
183
184        <activity
184-->[com.google.firebase:firebase-auth:19.4.0] AndroidManifest.xml:24:9-31:50
185            android:name="com.google.firebase.auth.internal.FederatedSignInActivity"
185-->[com.google.firebase:firebase-auth:19.4.0] AndroidManifest.xml:25:13-85
186            android:excludeFromRecents="true"
186-->[com.google.firebase:firebase-auth:19.4.0] AndroidManifest.xml:26:13-46
187            android:exported="true"
187-->[com.google.firebase:firebase-auth:19.4.0] AndroidManifest.xml:27:13-36
188            android:launchMode="singleTask"
188-->[com.google.firebase:firebase-auth:19.4.0] AndroidManifest.xml:28:13-44
189            android:permission="com.google.firebase.auth.api.gms.permission.LAUNCH_FEDERATED_SIGN_IN"
189-->[com.google.firebase:firebase-auth:19.4.0] AndroidManifest.xml:29:13-102
190            android:theme="@android:style/Theme.Translucent.NoTitleBar" />
190-->[com.google.firebase:firebase-auth:19.4.0] AndroidManifest.xml:30:13-72
191        <!--
192             FirebaseMessagingService performs security checks at runtime,
193             but set to not exported to explicitly avoid allowing another app to call it.
194        -->
195        <service
195-->[com.google.firebase:firebase-messaging:20.3.0] AndroidManifest.xml:28:9-35:19
196            android:name="com.google.firebase.messaging.FirebaseMessagingService"
196-->[com.google.firebase:firebase-messaging:20.3.0] AndroidManifest.xml:29:13-82
197            android:directBootAware="true"
197-->[com.google.firebase:firebase-messaging:20.3.0] AndroidManifest.xml:30:13-43
198            android:exported="false" >
198-->[com.google.firebase:firebase-messaging:20.3.0] AndroidManifest.xml:31:13-37
199            <intent-filter android:priority="-500" >
199-->[:firebase_messaging] AndroidManifest.xml:9:13-11:29
200                <action android:name="com.google.firebase.MESSAGING_EVENT" />
200-->[:firebase_messaging] AndroidManifest.xml:10:17-78
200-->[:firebase_messaging] AndroidManifest.xml:10:25-75
201            </intent-filter>
202        </service>
203
204        <receiver
204-->[com.google.firebase:firebase-iid:20.3.0] AndroidManifest.xml:37:9-44:20
205            android:name="com.google.firebase.iid.FirebaseInstanceIdReceiver"
205-->[com.google.firebase:firebase-iid:20.3.0] AndroidManifest.xml:38:13-78
206            android:exported="true"
206-->[com.google.firebase:firebase-iid:20.3.0] AndroidManifest.xml:39:13-36
207            android:permission="com.google.android.c2dm.permission.SEND" >
207-->[com.google.firebase:firebase-iid:20.3.0] AndroidManifest.xml:40:13-73
208            <intent-filter>
208-->[com.google.firebase:firebase-iid:20.3.0] AndroidManifest.xml:41:13-43:29
209                <action android:name="com.google.android.c2dm.intent.RECEIVE" />
209-->[com.google.firebase:firebase-iid:20.3.0] AndroidManifest.xml:42:17-81
209-->[com.google.firebase:firebase-iid:20.3.0] AndroidManifest.xml:42:25-78
210            </intent-filter>
211        </receiver>
212
213        <activity
213-->[com.google.android.gms:play-services-base:17.2.1] AndroidManifest.xml:23:9-26:75
214            android:name="com.google.android.gms.common.api.GoogleApiActivity"
214-->[com.google.android.gms:play-services-base:17.2.1] AndroidManifest.xml:24:13-79
215            android:exported="false"
215-->[com.google.android.gms:play-services-base:17.2.1] AndroidManifest.xml:25:13-37
216            android:theme="@android:style/Theme.Translucent.NoTitleBar" />
216-->[com.google.android.gms:play-services-base:17.2.1] AndroidManifest.xml:26:13-72
217
218        <provider
218-->[com.google.firebase:firebase-common:19.3.1] AndroidManifest.xml:26:9-31:39
219            android:name="com.google.firebase.provider.FirebaseInitProvider"
219-->[com.google.firebase:firebase-common:19.3.1] AndroidManifest.xml:27:13-77
220            android:authorities="com.trash2money.reciclasecoletor.firebaseinitprovider"
220-->[com.google.firebase:firebase-common:19.3.1] AndroidManifest.xml:28:13-72
221            android:directBootAware="true"
221-->[com.google.firebase:firebase-common:19.3.1] AndroidManifest.xml:29:13-43
222            android:exported="false"
222-->[com.google.firebase:firebase-common:19.3.1] AndroidManifest.xml:30:13-37
223            android:initOrder="100" />
223-->[com.google.firebase:firebase-common:19.3.1] AndroidManifest.xml:31:13-36
224
225        <receiver
225-->[com.google.android.gms:play-services-measurement:17.6.0] AndroidManifest.xml:29:9-33:20
226            android:name="com.google.android.gms.measurement.AppMeasurementReceiver"
226-->[com.google.android.gms:play-services-measurement:17.6.0] AndroidManifest.xml:30:13-85
227            android:enabled="true"
227-->[com.google.android.gms:play-services-measurement:17.6.0] AndroidManifest.xml:31:13-35
228            android:exported="false" >
228-->[com.google.android.gms:play-services-measurement:17.6.0] AndroidManifest.xml:32:13-37
229        </receiver>
230
231        <service
231-->[com.google.android.gms:play-services-measurement:17.6.0] AndroidManifest.xml:35:9-38:40
232            android:name="com.google.android.gms.measurement.AppMeasurementService"
232-->[com.google.android.gms:play-services-measurement:17.6.0] AndroidManifest.xml:36:13-84
233            android:enabled="true"
233-->[com.google.android.gms:play-services-measurement:17.6.0] AndroidManifest.xml:37:13-35
234            android:exported="false" />
234-->[com.google.android.gms:play-services-measurement:17.6.0] AndroidManifest.xml:38:13-37
235        <service
235-->[com.google.android.gms:play-services-measurement:17.6.0] AndroidManifest.xml:39:9-43:72
236            android:name="com.google.android.gms.measurement.AppMeasurementJobService"
236-->[com.google.android.gms:play-services-measurement:17.6.0] AndroidManifest.xml:40:13-87
237            android:enabled="true"
237-->[com.google.android.gms:play-services-measurement:17.6.0] AndroidManifest.xml:41:13-35
238            android:exported="false"
238-->[com.google.android.gms:play-services-measurement:17.6.0] AndroidManifest.xml:42:13-37
239            android:permission="android.permission.BIND_JOB_SERVICE" />
239-->[com.google.android.gms:play-services-measurement:17.6.0] AndroidManifest.xml:43:13-69
240
241        <meta-data
241-->[com.google.android.gms:play-services-basement:17.2.1] AndroidManifest.xml:23:9-25:69
242            android:name="com.google.android.gms.version"
242-->[com.google.android.gms:play-services-basement:17.2.1] AndroidManifest.xml:24:13-58
243            android:value="@integer/google_play_services_version" />
243-->[com.google.android.gms:play-services-basement:17.2.1] AndroidManifest.xml:25:13-66
244
245        <service
245-->[com.google.android.datatransport:transport-backend-cct:2.3.1] AndroidManifest.xml:29:9-35:19
246            android:name="com.google.android.datatransport.runtime.backends.TransportBackendDiscovery"
246-->[com.google.android.datatransport:transport-backend-cct:2.3.1] AndroidManifest.xml:30:13-103
247            android:exported="false" >
247-->[com.google.android.datatransport:transport-backend-cct:2.3.1] AndroidManifest.xml:31:13-37
248            <meta-data
248-->[com.google.android.datatransport:transport-backend-cct:2.3.1] AndroidManifest.xml:32:13-34:39
249                android:name="backend:com.google.android.datatransport.cct.CctBackendFactory"
249-->[com.google.android.datatransport:transport-backend-cct:2.3.1] AndroidManifest.xml:33:17-94
250                android:value="cct" />
250-->[com.google.android.datatransport:transport-backend-cct:2.3.1] AndroidManifest.xml:34:17-36
251        </service>
252        <service
252-->[com.google.android.datatransport:transport-runtime:2.2.4] AndroidManifest.xml:26:9-30:19
253            android:name="com.google.android.datatransport.runtime.scheduling.jobscheduling.JobInfoSchedulerService"
253-->[com.google.android.datatransport:transport-runtime:2.2.4] AndroidManifest.xml:27:13-117
254            android:exported="false"
254-->[com.google.android.datatransport:transport-runtime:2.2.4] AndroidManifest.xml:28:13-37
255            android:permission="android.permission.BIND_JOB_SERVICE" >
255-->[com.google.android.datatransport:transport-runtime:2.2.4] AndroidManifest.xml:29:13-69
256        </service>
257
258        <receiver
258-->[com.google.android.datatransport:transport-runtime:2.2.4] AndroidManifest.xml:32:9-34:40
259            android:name="com.google.android.datatransport.runtime.scheduling.jobscheduling.AlarmManagerSchedulerBroadcastReceiver"
259-->[com.google.android.datatransport:transport-runtime:2.2.4] AndroidManifest.xml:33:13-132
260            android:exported="false" />
260-->[com.google.android.datatransport:transport-runtime:2.2.4] AndroidManifest.xml:34:13-37
261    </application>
262
263</manifest>